<?xml version="1.0" encoding="utf-8"?><testsuites name="pytest tests"><testsuite name="pytest" errors="0" failures="1" skipped="0" tests="1" time="4.570" timestamp="2026-01-03T19:04:20.662645+02:00" hostname="Shoham"><testcase classname="tests.test_flat_output" name="test_flat_output_structure" time="0.127"><failure message="assert 1 == 0&#10; +  where 1 = &lt;Result SystemExit(1)&gt;.exit_code">flat_test_data = WindowsPath('C:/Users/shoha/AppData/Local/Temp/pytest-of-shoha/pytest-39/test_flat_output_structure0/mock_data')
tmp_path = WindowsPath('C:/Users/shoha/AppData/Local/Temp/pytest-of-shoha/pytest-39/test_flat_output_structure0')

    def test_flat_output_structure(flat_test_data, tmp_path):
        output_dir = tmp_path / "output"
    
        result = runner.invoke(
            app,
            [
                "analyze",
                str(flat_test_data),
                "--flat",
                "--save-plots",
                "--output-dir",
                str(output_dir),
            ],
        )
    
&gt;       assert result.exit_code == 0
E       assert 1 == 0
E        +  where 1 = &lt;Result SystemExit(1)&gt;.exit_code

tests\test_flat_output.py:69: AssertionError</failure></testcase></testsuite></testsuites>